2025-04-08 22:25:00,590 - INFO - [SIM] Số dư hiện tại: Balance=100
2025-04-08 22:35:55,708 - INFO - [SIM] Bắt đầu bot giao dịch mô phỏng...
2025-04-08 22:35:56,709 - INFO - Gửi tin nhắn Telegram thành công: [SIM] Bot giao dịch mô phỏng đã khởi động!...
2025-04-08 22:36:13,569 - INFO - [SIM] Bắt đầu bot giao dịch mô phỏng...
2025-04-08 22:36:14,564 - INFO - Gửi tin nhắn Telegram thành công: [SIM] Bot giao dịch mô phỏng đã khởi động!...
2025-04-08 22:36:15,568 - INFO - [SIM] Số dư hiện tại: Balance=100
2025-04-08 22:36:16,867 - INFO - [SIM] Số dư hiện tại: Balance=100
2025-04-08 22:36:18,237 - INFO - [SIM] Số dư hiện tại: Balance=100
2025-04-08 22:36:19,596 - INFO - [SIM] Số dư hiện tại: Balance=100
2025-04-08 22:36:21,000 - INFO - [SIM] Số dư hiện tại: Balance=100
2025-04-08 22:36:22,385 - INFO - [SIM] Số dư hiện tại: Balance=100
2025-04-08 22:36:23,729 - INFO - [SIM] Số dư hiện tại: Balance=100
2025-04-08 22:36:25,217 - INFO - [SIM] Số dư hiện tại: Balance=100
2025-04-08 22:36:26,578 - INFO - [SIM] Số dư hiện tại: Balance=100
2025-04-08 22:36:27,973 - INFO - [SIM] Số dư hiện tại: Balance=100
2025-04-08 22:36:29,356 - INFO - [SIM] Số dư hiện tại: Balance=100
2025-04-08 22:36:30,717 - INFO - [SIM] Số dư hiện tại: Balance=100
2025-04-08 22:36:32,130 - INFO - [SIM] Số dư hiện tại: Balance=100
2025-04-08 22:36:33,483 - INFO - [SIM] Số dư hiện tại: Balance=100
2025-04-08 22:36:34,838 - INFO - [SIM] Số dư hiện tại: Balance=100
2025-04-08 22:36:36,242 - INFO - [SIM] Số dư hiện tại: Balance=100
2025-04-08 22:36:37,564 - INFO - [SIM] Số dư hiện tại: Balance=100
2025-04-08 22:36:38,923 - INFO - [SIM] Số dư hiện tại: Balance=100
2025-04-08 22:36:40,340 - INFO - [SIM] Số dư hiện tại: Balance=100
2025-04-08 22:36:41,766 - INFO - [SIM] Số dư hiện tại: Balance=100
2025-04-08 22:36:43,155 - INFO - [SIM] Số dư hiện tại: Balance=100
2025-04-08 22:36:44,485 - INFO - [SIM] Số dư hiện tại: Balance=100
2025-04-08 22:36:45,794 - INFO - [SIM] Số dư hiện tại: Balance=100
2025-04-08 22:36:47,097 - INFO - [SIM] Số dư hiện tại: Balance=100
2025-04-08 22:36:48,408 - INFO - [SIM] Số dư hiện tại: Balance=100
2025-04-08 22:36:49,704 - INFO - [SIM] Số dư hiện tại: Balance=100
2025-04-08 22:36:50,998 - INFO - [SIM] Số dư hiện tại: Balance=100
2025-04-08 22:36:52,327 - INFO - [SIM] Số dư hiện tại: Balance=100
2025-04-08 22:36:53,684 - INFO - [SIM] Số dư hiện tại: Balance=100
2025-04-08 22:36:54,991 - INFO - [SIM] Số dư hiện tại: Balance=100
2025-04-08 22:36:56,289 - INFO - [SIM] Số dư hiện tại: Balance=100
2025-04-08 22:36:57,576 - INFO - [SIM] Số dư hiện tại: Balance=100
2025-04-08 22:36:58,869 - INFO - [SIM] Số dư hiện tại: Balance=100
2025-04-08 22:37:00,178 - INFO - [SIM] Số dư hiện tại: Balance=100
2025-04-08 22:37:01,481 - INFO - [SIM] Số dư hiện tại: Balance=100
2025-04-08 22:37:02,772 - INFO - [SIM] Số dư hiện tại: Balance=100
2025-04-08 22:37:04,099 - INFO - [SIM] Số dư hiện tại: Balance=100
2025-04-08 22:37:05,389 - INFO - [SIM] Số dư hiện tại: Balance=100
2025-04-08 22:37:06,685 - INFO - [SIM] Số dư hiện tại: Balance=100
2025-04-08 22:37:08,017 - INFO - [SIM] Số dư hiện tại: Balance=100
2025-04-08 22:37:09,325 - INFO - [SIM] Số dư hiện tại: Balance=100
2025-04-08 22:37:10,611 - INFO - [SIM] Số dư hiện tại: Balance=100
2025-04-08 22:37:11,947 - INFO - [SIM] Số dư hiện tại: Balance=100
2025-04-08 22:37:13,255 - INFO - [SIM] Số dư hiện tại: Balance=100
2025-04-08 22:37:14,546 - INFO - [SIM] Số dư hiện tại: Balance=100
2025-04-08 22:37:15,839 - INFO - [SIM] Số dư hiện tại: Balance=100
2025-04-08 22:37:17,230 - INFO - [SIM] Số dư hiện tại: Balance=100
2025-04-08 22:37:18,570 - INFO - [SIM] Số dư hiện tại: Balance=100
2025-04-08 22:37:19,902 - INFO - [SIM] Số dư hiện tại: Balance=100
2025-04-08 22:37:21,238 - INFO - [SIM] Số dư hiện tại: Balance=100
2025-04-08 22:37:22,595 - INFO - [SIM] Số dư hiện tại: Balance=100
2025-04-08 22:37:23,894 - INFO - [SIM] Số dư hiện tại: Balance=100
2025-04-08 22:37:25,190 - INFO - [SIM] Số dư hiện tại: Balance=100
2025-04-08 22:37:26,524 - INFO - [SIM] Số dư hiện tại: Balance=100
2025-04-08 22:37:27,842 - INFO - [SIM] Số dư hiện tại: Balance=100
2025-04-08 22:37:29,178 - INFO - [SIM] Số dư hiện tại: Balance=100
2025-04-08 22:37:30,509 - INFO - [SIM] Số dư hiện tại: Balance=100
2025-04-08 22:37:31,796 - INFO - [SIM] Số dư hiện tại: Balance=100
2025-04-08 22:37:33,090 - INFO - [SIM] Số dư hiện tại: Balance=100
2025-04-08 22:37:34,404 - INFO - [SIM] Số dư hiện tại: Balance=100
2025-04-08 22:37:35,690 - INFO - [SIM] Số dư hiện tại: Balance=100
2025-04-08 22:37:36,988 - INFO - [SIM] Số dư hiện tại: Balance=100
2025-04-08 22:37:38,284 - INFO - [SIM] Số dư hiện tại: Balance=100
2025-04-08 22:37:39,599 - INFO - [SIM] Số dư hiện tại: Balance=100
2025-04-08 22:37:40,914 - INFO - [SIM] Số dư hiện tại: Balance=100
2025-04-08 22:37:42,221 - INFO - [SIM] Số dư hiện tại: Balance=100
2025-04-08 22:37:43,522 - INFO - [SIM] Số dư hiện tại: Balance=100
2025-04-08 22:37:44,830 - INFO - [SIM] Số dư hiện tại: Balance=100
2025-04-08 22:37:46,173 - INFO - [SIM] Số dư hiện tại: Balance=100
2025-04-08 22:37:47,468 - INFO - [SIM] Số dư hiện tại: Balance=100
2025-04-08 22:37:48,836 - INFO - [SIM] Số dư hiện tại: Balance=100
2025-04-08 22:37:50,173 - INFO - [SIM] Số dư hiện tại: Balance=100
2025-04-08 22:37:51,464 - INFO - [SIM] Số dư hiện tại: Balance=100
2025-04-08 22:37:52,872 - INFO - [SIM] Số dư hiện tại: Balance=100
2025-04-08 22:37:54,200 - INFO - [SIM] Số dư hiện tại: Balance=100
2025-04-08 22:37:55,483 - INFO - [SIM] Số dư hiện tại: Balance=100
2025-04-08 22:37:56,781 - INFO - [SIM] Số dư hiện tại: Balance=100
2025-04-08 22:37:58,107 - INFO - [SIM] Số dư hiện tại: Balance=100
2025-04-08 22:37:59,446 - INFO - [SIM] Số dư hiện tại: Balance=100
2025-04-08 22:38:00,771 - INFO - [SIM] Số dư hiện tại: Balance=100
2025-04-08 22:38:02,125 - INFO - [SIM] Số dư hiện tại: Balance=100
2025-04-08 22:38:03,454 - INFO - [SIM] Số dư hiện tại: Balance=100
2025-04-08 22:38:04,747 - INFO - [SIM] Số dư hiện tại: Balance=100
2025-04-08 22:38:06,062 - INFO - [SIM] Số dư hiện tại: Balance=100
2025-04-08 22:38:07,372 - INFO - [SIM] Số dư hiện tại: Balance=100
2025-04-08 22:38:08,677 - INFO - [SIM] Số dư hiện tại: Balance=100
2025-04-08 22:38:09,979 - INFO - [SIM] Số dư hiện tại: Balance=100
2025-04-08 22:38:11,285 - INFO - [SIM] Số dư hiện tại: Balance=100
2025-04-08 22:38:12,609 - INFO - [SIM] Số dư hiện tại: Balance=100
2025-04-08 22:38:13,897 - INFO - [SIM] Số dư hiện tại: Balance=100
2025-04-08 22:38:15,217 - INFO - [SIM] Số dư hiện tại: Balance=100
2025-04-08 22:38:16,512 - INFO - [SIM] Số dư hiện tại: Balance=100
2025-04-08 22:38:17,822 - INFO - [SIM] Số dư hiện tại: Balance=100
2025-04-08 22:38:19,135 - INFO - [SIM] Số dư hiện tại: Balance=100
2025-04-08 22:38:20,472 - INFO - [SIM] Số dư hiện tại: Balance=100
2025-04-08 22:38:21,777 - INFO - [SIM] Số dư hiện tại: Balance=100
2025-04-08 22:38:23,087 - INFO - [SIM] Số dư hiện tại: Balance=100
2025-04-08 22:38:24,631 - INFO - [SIM] Số dư hiện tại: Balance=100
2025-04-08 22:38:25,939 - INFO - [SIM] Số dư hiện tại: Balance=100
2025-04-08 22:38:27,253 - INFO - [SIM] Số dư hiện tại: Balance=100
2025-04-08 22:38:28,627 - INFO - [SIM] Số dư hiện tại: Balance=100
2025-04-08 22:38:29,974 - INFO - [SIM] Số dư hiện tại: Balance=100
2025-04-08 22:38:31,356 - INFO - [SIM] Số dư hiện tại: Balance=100
2025-04-08 22:38:32,647 - INFO - [SIM] Số dư hiện tại: Balance=100
2025-04-08 22:38:33,944 - INFO - [SIM] Số dư hiện tại: Balance=100
2025-04-08 22:38:35,261 - INFO - [SIM] Số dư hiện tại: Balance=100
2025-04-08 22:38:36,544 - INFO - [SIM] Số dư hiện tại: Balance=100
2025-04-08 22:38:37,832 - INFO - [SIM] Số dư hiện tại: Balance=100
2025-04-08 22:38:39,127 - INFO - [SIM] Số dư hiện tại: Balance=100
2025-04-08 22:38:40,466 - INFO - [SIM] Số dư hiện tại: Balance=100
2025-04-08 22:38:41,775 - INFO - [SIM] Số dư hiện tại: Balance=100
2025-04-08 22:38:43,084 - INFO - [SIM] Số dư hiện tại: Balance=100
2025-04-08 22:38:44,416 - INFO - [SIM] Số dư hiện tại: Balance=100
2025-04-08 22:38:45,701 - INFO - [SIM] Số dư hiện tại: Balance=100
2025-04-08 22:38:47,102 - INFO - [SIM] Số dư hiện tại: Balance=100
2025-04-08 22:38:48,447 - INFO - [SIM] Số dư hiện tại: Balance=100
2025-04-08 22:38:49,816 - INFO - [SIM] Số dư hiện tại: Balance=100
2025-04-08 22:38:51,153 - INFO - [SIM] Số dư hiện tại: Balance=100
2025-04-08 22:38:52,465 - INFO - [SIM] Số dư hiện tại: Balance=100
2025-04-08 22:38:53,752 - INFO - [SIM] Số dư hiện tại: Balance=100
2025-04-08 22:38:55,050 - INFO - [SIM] Số dư hiện tại: Balance=100
2025-04-08 22:38:56,334 - INFO - [SIM] Số dư hiện tại: Balance=100
2025-04-08 22:38:57,633 - INFO - [SIM] Số dư hiện tại: Balance=100
2025-04-08 22:38:58,992 - INFO - [SIM] Số dư hiện tại: Balance=100
2025-04-08 22:39:00,393 - INFO - [SIM] Số dư hiện tại: Balance=100
2025-04-08 22:39:01,714 - INFO - [SIM] Số dư hiện tại: Balance=100
2025-04-08 22:39:03,050 - INFO - [SIM] Số dư hiện tại: Balance=100
2025-04-08 22:39:04,403 - INFO - [SIM] Số dư hiện tại: Balance=100
2025-04-08 22:39:05,869 - INFO - [SIM] Số dư hiện tại: Balance=100
2025-04-08 22:39:07,334 - INFO - [SIM] Số dư hiện tại: Balance=100
2025-04-08 22:39:08,691 - INFO - [SIM] Số dư hiện tại: Balance=100
2025-04-08 22:39:10,076 - INFO - [SIM] Số dư hiện tại: Balance=100
2025-04-08 22:39:11,492 - INFO - [SIM] Số dư hiện tại: Balance=100
2025-04-08 22:39:12,840 - INFO - [SIM] Số dư hiện tại: Balance=100
2025-04-08 22:39:14,257 - INFO - [SIM] Số dư hiện tại: Balance=100
2025-04-08 22:39:15,663 - INFO - [SIM] Số dư hiện tại: Balance=100
2025-04-08 22:39:17,064 - INFO - [SIM] Số dư hiện tại: Balance=100
2025-04-08 22:39:18,413 - INFO - [SIM] Số dư hiện tại: Balance=100
2025-04-08 22:39:19,786 - INFO - [SIM] Số dư hiện tại: Balance=100
2025-04-08 22:39:21,138 - INFO - [SIM] Số dư hiện tại: Balance=100
2025-04-08 22:39:22,543 - INFO - [SIM] Số dư hiện tại: Balance=100
2025-04-08 22:39:23,890 - INFO - [SIM] Số dư hiện tại: Balance=100
2025-04-08 22:39:25,304 - INFO - [SIM] Số dư hiện tại: Balance=100
2025-04-08 22:39:26,689 - INFO - [SIM] Số dư hiện tại: Balance=100
2025-04-08 22:39:28,077 - INFO - [SIM] Số dư hiện tại: Balance=100
2025-04-08 22:39:29,431 - INFO - [SIM] Số dư hiện tại: Balance=100
2025-04-08 22:39:30,783 - INFO - [SIM] Số dư hiện tại: Balance=100
2025-04-08 22:39:32,139 - INFO - [SIM] Số dư hiện tại: Balance=100
2025-04-08 22:39:33,485 - INFO - [SIM] Số dư hiện tại: Balance=100
2025-04-08 22:39:34,852 - INFO - [SIM] Số dư hiện tại: Balance=100
2025-04-08 22:39:36,269 - INFO - [SIM] Số dư hiện tại: Balance=100
2025-04-08 22:39:37,611 - INFO - [SIM] Số dư hiện tại: Balance=100
2025-04-08 22:39:38,948 - INFO - [SIM] Số dư hiện tại: Balance=100
2025-04-08 22:39:40,311 - INFO - [SIM] Số dư hiện tại: Balance=100
2025-04-08 22:39:41,709 - INFO - [SIM] Số dư hiện tại: Balance=100
2025-04-08 22:39:43,118 - INFO - [SIM] Số dư hiện tại: Balance=100
2025-04-08 22:39:44,494 - INFO - [SIM] Số dư hiện tại: Balance=100
2025-04-08 22:39:45,805 - INFO - [SIM] Số dư hiện tại: Balance=100
2025-04-08 22:39:47,121 - INFO - [SIM] Số dư hiện tại: Balance=100
2025-04-08 22:39:48,420 - INFO - [SIM] Số dư hiện tại: Balance=100
2025-04-08 22:39:49,718 - INFO - [SIM] Số dư hiện tại: Balance=100
2025-04-08 22:39:51,008 - INFO - [SIM] Số dư hiện tại: Balance=100
2025-04-08 22:39:52,293 - INFO - [SIM] Số dư hiện tại: Balance=100
2025-04-08 22:39:53,577 - INFO - [SIM] Số dư hiện tại: Balance=100
2025-04-08 22:39:54,874 - INFO - [SIM] Số dư hiện tại: Balance=100
2025-04-08 22:39:56,157 - INFO - [SIM] Số dư hiện tại: Balance=100
2025-04-08 22:39:57,450 - INFO - [SIM] Số dư hiện tại: Balance=100
2025-04-08 22:39:58,745 - INFO - [SIM] Số dư hiện tại: Balance=100
2025-04-08 22:40:00,033 - INFO - [SIM] Số dư hiện tại: Balance=100
2025-04-08 22:40:01,350 - INFO - [SIM] Số dư hiện tại: Balance=100
2025-04-08 22:40:02,639 - INFO - [SIM] Số dư hiện tại: Balance=100
2025-04-08 22:40:03,944 - INFO - [SIM] Số dư hiện tại: Balance=100
2025-04-08 22:40:05,240 - INFO - [SIM] Số dư hiện tại: Balance=100
2025-04-08 22:40:06,526 - INFO - [SIM] Số dư hiện tại: Balance=100
2025-04-08 22:40:07,845 - INFO - [SIM] Số dư hiện tại: Balance=100
2025-04-08 22:40:09,211 - INFO - [SIM] Số dư hiện tại: Balance=100
2025-04-08 22:40:10,498 - INFO - [SIM] Số dư hiện tại: Balance=100
2025-04-08 22:40:11,795 - INFO - [SIM] Số dư hiện tại: Balance=100
2025-04-08 22:40:13,186 - INFO - [SIM] Số dư hiện tại: Balance=100
2025-04-08 22:40:14,731 - INFO - [SIM] Số dư hiện tại: Balance=100
2025-04-08 22:40:16,176 - INFO - [SIM] Số dư hiện tại: Balance=100
2025-04-08 22:40:17,571 - INFO - [SIM] Số dư hiện tại: Balance=100
2025-04-08 22:40:18,966 - INFO - [SIM] Số dư hiện tại: Balance=100
2025-04-08 22:40:20,335 - INFO - [SIM] Số dư hiện tại: Balance=100
2025-04-08 22:40:21,710 - INFO - [SIM] Số dư hiện tại: Balance=100
2025-04-08 22:40:23,117 - INFO - [SIM] Số dư hiện tại: Balance=100
2025-04-08 22:40:24,473 - INFO - [SIM] Số dư hiện tại: Balance=100
2025-04-08 22:40:25,867 - INFO - [SIM] Số dư hiện tại: Balance=100
2025-04-08 22:40:27,228 - INFO - [SIM] Số dư hiện tại: Balance=100
2025-04-08 22:40:28,620 - INFO - [SIM] Số dư hiện tại: Balance=100
2025-04-08 22:40:29,986 - INFO - [SIM] Số dư hiện tại: Balance=100
2025-04-08 22:40:31,382 - INFO - [SIM] Số dư hiện tại: Balance=100
2025-04-08 22:40:32,754 - INFO - [SIM] Số dư hiện tại: Balance=100
2025-04-08 22:40:34,147 - INFO - [SIM] Số dư hiện tại: Balance=100
2025-04-08 22:40:35,868 - INFO - [SIM] Số dư hiện tại: Balance=100
2025-04-08 22:40:37,282 - INFO - [SIM] Số dư hiện tại: Balance=100
2025-04-08 22:40:38,725 - INFO - [SIM] Số dư hiện tại: Balance=100
2025-04-08 22:40:40,087 - INFO - [SIM] Số dư hiện tại: Balance=100
2025-04-08 22:40:41,502 - INFO - [SIM] Số dư hiện tại: Balance=100
2025-04-08 22:40:42,865 - INFO - [SIM] Số dư hiện tại: Balance=100
2025-04-08 22:40:44,226 - INFO - [SIM] Số dư hiện tại: Balance=100
2025-04-08 22:40:45,618 - INFO - [SIM] Số dư hiện tại: Balance=100
2025-04-08 22:40:47,003 - INFO - [SIM] Số dư hiện tại: Balance=100
2025-04-08 22:40:48,371 - INFO - [SIM] Số dư hiện tại: Balance=100
2025-04-08 22:40:49,767 - INFO - [SIM] Số dư hiện tại: Balance=100
2025-04-08 22:40:51,142 - INFO - [SIM] Số dư hiện tại: Balance=100
2025-04-08 22:40:52,540 - INFO - [SIM] Số dư hiện tại: Balance=100
2025-04-08 22:40:53,892 - INFO - [SIM] Số dư hiện tại: Balance=100
2025-04-08 22:40:55,297 - INFO - [SIM] Số dư hiện tại: Balance=100
2025-04-08 22:40:56,633 - INFO - [SIM] Số dư hiện tại: Balance=100
2025-04-08 22:40:58,375 - INFO - [SIM] Số dư hiện tại: Balance=100
2025-04-08 22:40:59,825 - INFO - [SIM] Số dư hiện tại: Balance=100
2025-04-08 22:41:01,238 - INFO - [SIM] Số dư hiện tại: Balance=100
2025-04-08 22:41:02,577 - INFO - [SIM] Số dư hiện tại: Balance=100
2025-04-08 22:41:03,944 - INFO - [SIM] Số dư hiện tại: Balance=100
2025-04-08 22:41:05,261 - INFO - [SIM] Số dư hiện tại: Balance=100
2025-04-08 22:41:06,592 - INFO - [SIM] Số dư hiện tại: Balance=100
2025-04-08 22:41:07,942 - INFO - [SIM] Số dư hiện tại: Balance=100
2025-04-08 22:41:09,318 - INFO - [SIM] Số dư hiện tại: Balance=100
2025-04-08 22:41:10,729 - INFO - [SIM] Số dư hiện tại: Balance=100
2025-04-08 22:41:12,075 - INFO - [SIM] Số dư hiện tại: Balance=100
2025-04-08 22:41:13,476 - INFO - [SIM] Số dư hiện tại: Balance=100
2025-04-08 22:41:14,909 - INFO - [SIM] Số dư hiện tại: Balance=100
2025-04-08 22:41:16,297 - INFO - [SIM] Số dư hiện tại: Balance=100
2025-04-08 22:41:17,695 - INFO - [SIM] Số dư hiện tại: Balance=100
2025-04-08 22:41:19,184 - INFO - [SIM] Số dư hiện tại: Balance=100
2025-04-08 22:41:20,583 - INFO - [SIM] Số dư hiện tại: Balance=100
2025-04-08 22:41:21,961 - INFO - [SIM] Số dư hiện tại: Balance=100
2025-04-08 22:41:23,337 - INFO - [SIM] Số dư hiện tại: Balance=100
2025-04-08 22:41:24,723 - INFO - [SIM] Số dư hiện tại: Balance=100
2025-04-08 22:41:26,157 - INFO - [SIM] Số dư hiện tại: Balance=100
2025-04-08 22:41:27,531 - INFO - [SIM] Số dư hiện tại: Balance=100
2025-04-08 22:41:28,958 - INFO - [SIM] Số dư hiện tại: Balance=100
2025-04-08 22:41:30,301 - INFO - [SIM] Số dư hiện tại: Balance=100
2025-04-08 22:41:31,713 - INFO - [SIM] Số dư hiện tại: Balance=100
2025-04-08 22:41:33,115 - INFO - [SIM] Số dư hiện tại: Balance=100
2025-04-08 22:41:34,444 - INFO - [SIM] Số dư hiện tại: Balance=100
2025-04-08 22:41:35,836 - INFO - [SIM] Số dư hiện tại: Balance=100
2025-04-08 22:41:37,313 - INFO - [SIM] Số dư hiện tại: Balance=100
2025-04-08 22:41:38,714 - INFO - [SIM] Số dư hiện tại: Balance=100
2025-04-08 22:41:40,123 - INFO - [SIM] Số dư hiện tại: Balance=100
2025-04-08 22:41:41,474 - INFO - [SIM] Số dư hiện tại: Balance=100
2025-04-08 22:41:42,839 - INFO - [SIM] Số dư hiện tại: Balance=100
2025-04-08 22:41:44,211 - INFO - [SIM] Số dư hiện tại: Balance=100
2025-04-08 22:41:45,592 - INFO - [SIM] Số dư hiện tại: Balance=100
2025-04-08 22:41:47,038 - INFO - [SIM] Số dư hiện tại: Balance=100
2025-04-08 22:41:48,422 - INFO - [SIM] Số dư hiện tại: Balance=100
2025-04-08 22:41:49,806 - INFO - [SIM] Số dư hiện tại: Balance=100
2025-04-08 22:41:51,254 - INFO - [SIM] Số dư hiện tại: Balance=100
2025-04-08 22:41:52,700 - INFO - [SIM] Số dư hiện tại: Balance=100
2025-04-08 22:41:54,089 - INFO - [SIM] Số dư hiện tại: Balance=100
2025-04-08 22:41:55,586 - INFO - [SIM] Số dư hiện tại: Balance=100
2025-04-08 22:41:57,028 - INFO - [SIM] Số dư hiện tại: Balance=100
2025-04-08 22:41:58,438 - INFO - [SIM] Số dư hiện tại: Balance=100
2025-04-08 22:42:00,114 - INFO - [SIM] Số dư hiện tại: Balance=100
2025-04-08 22:42:01,572 - INFO - [SIM] Số dư hiện tại: Balance=100
2025-04-08 22:42:02,934 - INFO - [SIM] Số dư hiện tại: Balance=100
2025-04-08 22:42:04,300 - INFO - [SIM] Số dư hiện tại: Balance=100
2025-04-08 22:42:05,741 - INFO - [SIM] Số dư hiện tại: Balance=100
2025-04-08 22:42:07,178 - INFO - [SIM] Số dư hiện tại: Balance=100
2025-04-08 22:42:08,726 - INFO - [SIM] Số dư hiện tại: Balance=100
2025-04-08 22:42:10,100 - INFO - [SIM] Số dư hiện tại: Balance=100
2025-04-08 22:42:11,431 - INFO - [SIM] Số dư hiện tại: Balance=100
2025-04-08 22:42:12,789 - INFO - [SIM] Số dư hiện tại: Balance=100
2025-04-08 22:42:14,214 - INFO - [SIM] Số dư hiện tại: Balance=100
2025-04-08 22:42:15,659 - INFO - [SIM] Số dư hiện tại: Balance=100
2025-04-08 22:42:17,214 - INFO - [SIM] Số dư hiện tại: Balance=100
2025-04-08 22:42:18,680 - INFO - [SIM] Số dư hiện tại: Balance=100
2025-04-08 22:42:20,143 - INFO - [SIM] Số dư hiện tại: Balance=100
2025-04-08 22:42:21,607 - INFO - [SIM] Số dư hiện tại: Balance=100
2025-04-08 22:42:23,073 - INFO - [SIM] Số dư hiện tại: Balance=100
2025-04-08 22:42:24,432 - INFO - [SIM] Số dư hiện tại: Balance=100
2025-04-08 22:42:25,837 - INFO - [SIM] Số dư hiện tại: Balance=100
2025-04-08 22:42:27,233 - INFO - [SIM] Số dư hiện tại: Balance=100
2025-04-08 22:42:28,622 - INFO - [SIM] Số dư hiện tại: Balance=100
2025-04-08 22:42:30,046 - INFO - [SIM] Số dư hiện tại: Balance=100
2025-04-08 22:42:31,558 - INFO - [SIM] Số dư hiện tại: Balance=100
2025-04-08 22:42:32,973 - INFO - [SIM] Số dư hiện tại: Balance=100
2025-04-08 22:42:34,404 - INFO - [SIM] Số dư hiện tại: Balance=100
2025-04-08 22:42:35,812 - INFO - [SIM] Số dư hiện tại: Balance=100
2025-04-08 22:42:37,205 - INFO - [SIM] Số dư hiện tại: Balance=100
2025-04-08 22:42:38,612 - INFO - [SIM] Số dư hiện tại: Balance=100
2025-04-08 22:42:40,016 - INFO - [SIM] Số dư hiện tại: Balance=100
2025-04-08 22:42:41,458 - INFO - [SIM] Số dư hiện tại: Balance=100
2025-04-08 22:42:42,814 - INFO - [SIM] Số dư hiện tại: Balance=100
2025-04-08 22:42:44,246 - INFO - [SIM] Số dư hiện tại: Balance=100
2025-04-08 22:42:45,689 - INFO - [SIM] Số dư hiện tại: Balance=100
2025-04-08 22:42:47,032 - INFO - [SIM] Số dư hiện tại: Balance=100
2025-04-08 22:42:48,451 - INFO - [SIM] Số dư hiện tại: Balance=100
2025-04-08 22:42:49,848 - INFO - [SIM] Số dư hiện tại: Balance=100
2025-04-08 22:42:51,220 - INFO - [SIM] Số dư hiện tại: Balance=100
2025-04-08 22:42:52,652 - INFO - [SIM] Số dư hiện tại: Balance=100
2025-04-08 22:42:54,119 - INFO - [SIM] Số dư hiện tại: Balance=100
2025-04-08 22:42:55,468 - INFO - [SIM] Số dư hiện tại: Balance=100
2025-04-08 22:42:56,775 - INFO - [SIM] Số dư hiện tại: Balance=100
2025-04-08 22:42:58,099 - INFO - [SIM] Số dư hiện tại: Balance=100
2025-04-08 22:42:59,387 - INFO - [SIM] Số dư hiện tại: Balance=100
2025-04-08 22:43:00,698 - INFO - [SIM] Số dư hiện tại: Balance=100
2025-04-08 22:43:02,146 - INFO - [SIM] Số dư hiện tại: Balance=100
2025-04-08 22:43:03,524 - INFO - [SIM] Số dư hiện tại: Balance=100
2025-04-08 22:43:04,842 - INFO - [SIM] Số dư hiện tại: Balance=100
2025-04-08 22:43:06,187 - INFO - [SIM] Số dư hiện tại: Balance=100
2025-04-08 22:43:07,586 - INFO - [SIM] Số dư hiện tại: Balance=100
2025-04-08 22:43:09,017 - INFO - [SIM] Số dư hiện tại: Balance=100
2025-04-08 22:43:10,369 - INFO - [SIM] Số dư hiện tại: Balance=100
2025-04-08 22:43:11,771 - INFO - [SIM] Số dư hiện tại: Balance=100
2025-04-08 22:43:00,524 - INFO - [SIM] Số dư hiện tại: Balance=100
2025-04-08 22:43:01,901 - INFO - [SIM] Số dư hiện tại: Balance=100
2025-04-08 22:43:03,271 - INFO - [SIM] Số dư hiện tại: Balance=100
2025-04-08 22:43:04,648 - INFO - [SIM] Số dư hiện tại: Balance=100
2025-04-08 22:43:06,032 - INFO - [SIM] Số dư hiện tại: Balance=100
2025-04-08 22:43:07,411 - INFO - [SIM] Số dư hiện tại: Balance=100
2025-04-08 22:43:08,834 - INFO - [SIM] Số dư hiện tại: Balance=100
2025-04-08 22:43:10,213 - INFO - [SIM] Số dư hiện tại: Balance=100
2025-04-08 22:43:11,680 - INFO - [SIM] Số dư hiện tại: Balance=100
2025-04-08 22:43:13,171 - INFO - [SIM] Số dư hiện tại: Balance=100
2025-04-08 22:43:14,557 - INFO - [SIM] Số dư hiện tại: Balance=100
2025-04-08 22:43:15,843 - INFO - [SIM] Số dư hiện tại: Balance=100
2025-04-08 22:43:17,135 - INFO - [SIM] Số dư hiện tại: Balance=100
2025-04-08 22:43:18,426 - INFO - [SIM] Số dư hiện tại: Balance=100
2025-04-08 22:43:19,718 - INFO - [SIM] Số dư hiện tại: Balance=100
2025-04-08 22:43:21,016 - INFO - [SIM] Số dư hiện tại: Balance=100
2025-04-08 22:43:22,303 - INFO - [SIM] Số dư hiện tại: Balance=100
2025-04-08 22:43:23,597 - INFO - [SIM] Số dư hiện tại: Balance=100
2025-04-08 22:43:24,884 - INFO - [SIM] Số dư hiện tại: Balance=100
2025-04-08 22:43:26,172 - INFO - [SIM] Số dư hiện tại: Balance=100
2025-04-08 22:43:27,540 - INFO - [SIM] Số dư hiện tại: Balance=100
2025-04-08 22:43:28,844 - INFO - [SIM] Số dư hiện tại: Balance=100
2025-04-08 22:43:30,138 - INFO - [SIM] Số dư hiện tại: Balance=100
2025-04-08 22:43:31,427 - INFO - [SIM] Số dư hiện tại: Balance=100
2025-04-08 22:43:32,731 - INFO - [SIM] Số dư hiện tại: Balance=100
2025-04-08 22:43:34,022 - INFO - [SIM] Số dư hiện tại: Balance=100
2025-04-08 22:43:35,314 - INFO - [SIM] Số dư hiện tại: Balance=100
2025-04-08 22:43:36,602 - INFO - [SIM] Số dư hiện tại: Balance=100
2025-04-08 22:43:37,975 - INFO - [SIM] Số dư hiện tại: Balance=100
2025-04-08 22:43:39,262 - INFO - [SIM] Số dư hiện tại: Balance=100
2025-04-08 22:43:40,556 - INFO - [SIM] Số dư hiện tại: Balance=100
2025-04-08 22:43:41,844 - INFO - [SIM] Số dư hiện tại: Balance=100
2025-04-08 22:43:43,130 - INFO - [SIM] Số dư hiện tại: Balance=100
2025-04-08 22:43:44,430 - INFO - [SIM] Số dư hiện tại: Balance=100
2025-04-08 22:43:45,726 - INFO - [SIM] Số dư hiện tại: Balance=100
2025-04-08 22:43:47,023 - INFO - [SIM] Số dư hiện tại: Balance=100
2025-04-08 22:43:48,312 - INFO - [SIM] Số dư hiện tại: Balance=100
2025-04-08 22:43:49,602 - INFO - [SIM] Số dư hiện tại: Balance=100
2025-04-08 22:43:50,893 - INFO - [SIM] Số dư hiện tại: Balance=100
2025-04-08 22:43:52,201 - INFO - [SIM] Số dư hiện tại: Balance=100
2025-04-08 22:43:53,491 - INFO - [SIM] Số dư hiện tại: Balance=100
2025-04-08 22:43:54,781 - INFO - [SIM] Số dư hiện tại: Balance=100
2025-04-08 22:43:56,070 - INFO - [SIM] Số dư hiện tại: Balance=100
2025-04-08 22:43:57,375 - INFO - [SIM] Số dư hiện tại: Balance=100
2025-04-08 22:43:58,668 - INFO - [SIM] Số dư hiện tại: Balance=100
2025-04-08 22:43:59,953 - INFO - [SIM] Số dư hiện tại: Balance=100
2025-04-08 22:44:01,255 - INFO - [SIM] Số dư hiện tại: Balance=100
2025-04-08 22:44:02,545 - INFO - [SIM] Số dư hiện tại: Balance=100
2025-04-08 22:44:03,834 - INFO - [SIM] Số dư hiện tại: Balance=100
2025-04-08 22:44:05,124 - INFO - [SIM] Số dư hiện tại: Balance=100
2025-04-08 22:44:06,407 - INFO - [SIM] Số dư hiện tại: Balance=100
2025-04-08 22:44:07,700 - INFO - [SIM] Số dư hiện tại: Balance=100
2025-04-08 22:44:09,021 - INFO - [SIM] Số dư hiện tại: Balance=100
2025-04-08 22:44:10,322 - INFO - [SIM] Số dư hiện tại: Balance=100
2025-04-08 22:44:11,618 - INFO - [SIM] Số dư hiện tại: Balance=100
2025-04-08 22:44:12,908 - INFO - [SIM] Số dư hiện tại: Balance=100
2025-04-08 22:44:14,202 - INFO - [SIM] Số dư hiện tại: Balance=100
2025-04-08 22:44:15,499 - INFO - [SIM] Số dư hiện tại: Balance=100
2025-04-08 22:44:16,788 - INFO - [SIM] Số dư hiện tại: Balance=100
2025-04-08 22:44:18,075 - INFO - [SIM] Số dư hiện tại: Balance=100
2025-04-08 22:44:19,368 - INFO - [SIM] Số dư hiện tại: Balance=100
2025-04-08 22:44:20,677 - INFO - [SIM] Số dư hiện tại: Balance=100
2025-04-08 22:44:21,966 - INFO - [SIM] Số dư hiện tại: Balance=100
2025-04-08 22:44:23,328 - INFO - [SIM] Số dư hiện tại: Balance=100
2025-04-08 22:44:24,614 - INFO - [SIM] Số dư hiện tại: Balance=100
2025-04-08 22:44:25,902 - INFO - [SIM] Số dư hiện tại: Balance=100
2025-04-08 22:44:27,198 - INFO - [SIM] Số dư hiện tại: Balance=100
2025-04-08 22:44:28,487 - INFO - [SIM] Số dư hiện tại: Balance=100
2025-04-08 22:44:29,784 - INFO - [SIM] Số dư hiện tại: Balance=100
2025-04-08 22:44:31,080 - INFO - [SIM] Số dư hiện tại: Balance=100
2025-04-08 22:44:32,425 - INFO - [SIM] Số dư hiện tại: Balance=100
2025-04-08 22:44:33,712 - INFO - [SIM] Số dư hiện tại: Balance=100
2025-04-08 22:44:35,014 - INFO - [SIM] Số dư hiện tại: Balance=100
2025-04-09 00:04:26,511 - INFO - [SIM] Bắt đầu bot giao dịch mô phỏng...
2025-04-09 00:04:27,526 - INFO - Gửi tin nhắn Telegram thành công: [SIM] Bot giao dịch mô phỏng đã khởi động!...
2025-04-09 00:05:02,970 - INFO - Gửi tin nhắn Telegram thành công: [SIM] Số dư hiện tại: Balance=100...
2025-04-10 21:46:11,484 - INFO - [SIM] Bắt đầu bot giao dịch mô phỏng...
2025-04-10 21:46:12,506 - INFO - Gửi tin nhắn Telegram thành công: [SIM] Bot giao dịch mô phỏng đã khởi động!...
2025-04-10 21:50:02,202 - INFO - Gửi tin nhắn Telegram thành công: [SIM] Số dư hiện tại: Balance=100...
2025-04-10 21:55:03,208 - INFO - Gửi tin nhắn Telegram thành công: [SIM] Số dư hiện tại: Balance=100...
2025-04-10 21:56:14,913 - INFO - ETHUSDT - [SIM] Vào lệnh SHORT: Price=1568.84, Trailing Stop=1577.4771960644864, TP=1551.5656078710272, Size=0.637
2025-04-10 21:56:15,896 - INFO - Gửi tin nhắn Telegram thành công: <b>[SIM] ETHUSDT - SHORT Order</b>
Time: 2025-04-1...
2025-04-10 21:56:17,354 - INFO - ETHUSDT - [SIM] Cập nhật Trailing Stop SHORT: 1577.2381960644864
2025-04-10 21:56:20,306 - INFO - ETHUSDT - [SIM] Cập nhật Trailing Stop SHORT: 1576.6611960644864
2025-04-10 21:56:21,710 - INFO - ETHUSDT - [SIM] Cập nhật Trailing Stop SHORT: 1576.4711960644863
2025-04-10 21:56:28,884 - INFO - ETHUSDT - [SIM] Cập nhật Trailing Stop SHORT: 1576.4711960644863
2025-04-10 21:56:30,314 - INFO - ETHUSDT - [SIM] Cập nhật Trailing Stop SHORT: 1576.4711960644863
2025-04-10 21:56:31,788 - INFO - ETHUSDT - [SIM] Cập nhật Trailing Stop SHORT: 1576.4711960644863
2025-04-10 21:56:33,489 - INFO - ETHUSDT - [SIM] Cập nhật Trailing Stop SHORT: 1575.9681960644864
2025-04-10 21:56:34,942 - INFO - ETHUSDT - [SIM] Cập nhật Trailing Stop SHORT: 1575.8281960644863
2025-04-10 21:56:50,145 - INFO - ETHUSDT - [SIM] Cập nhật Trailing Stop SHORT: 1575.6361960644863
2025-04-10 21:56:54,751 - INFO - ETHUSDT - [SIM] Cập nhật Trailing Stop SHORT: 1575.5261960644864
2025-04-10 21:56:58,282 - INFO - ETHUSDT - [SIM] Cập nhật Trailing Stop SHORT: 1575.5261960644864
2025-04-10 21:57:03,394 - INFO - ETHUSDT - [SIM] Cập nhật Trailing Stop SHORT: 1575.2661960644862
2025-04-10 21:57:09,586 - INFO - ETHUSDT - [SIM] Cập nhật Trailing Stop SHORT: 1575.2661960644862
2025-04-10 21:57:11,294 - INFO - ETHUSDT - [SIM] Cập nhật Trailing Stop SHORT: 1575.2661960644862
2025-04-10 21:57:14,504 - INFO - ETHUSDT - [SIM] Cập nhật Trailing Stop SHORT: 1574.9861960644862
2025-04-10 21:57:19,684 - INFO - ETHUSDT - [SIM] Cập nhật Trailing Stop SHORT: 1574.9861960644862
2025-04-10 21:57:23,072 - INFO - ETHUSDT - [SIM] Cập nhật Trailing Stop SHORT: 1574.9861960644862
2025-04-10 21:57:28,597 - INFO - ETHUSDT - [SIM] Cập nhật Trailing Stop SHORT: 1574.9861960644862
2025-04-10 21:57:30,351 - INFO - ETHUSDT - [SIM] Cập nhật Trailing Stop SHORT: 1574.9661960644862
2025-04-10 21:57:33,781 - INFO - ETHUSDT - [SIM] Cập nhật Trailing Stop SHORT: 1574.8961960644863
2025-04-10 21:57:37,277 - INFO - ETHUSDT - [SIM] Cập nhật Trailing Stop SHORT: 1574.8961960644863
2025-04-10 21:57:39,009 - INFO - ETHUSDT - [SIM] Cập nhật Trailing Stop SHORT: 1574.5241960644862
2025-04-10 21:57:42,456 - INFO - ETHUSDT - [SIM] Cập nhật Trailing Stop SHORT: 1574.4041960644863
2025-04-10 21:57:46,065 - INFO - ETHUSDT - [SIM] Cập nhật Trailing Stop SHORT: 1574.4041960644863
2025-04-10 21:57:49,598 - INFO - ETHUSDT - [SIM] Cập nhật Trailing Stop SHORT: 1574.4041960644863
2025-04-10 21:57:54,851 - INFO - ETHUSDT - [SIM] Cập nhật Trailing Stop SHORT: 1574.4041960644863
2025-04-10 21:57:56,563 - INFO - ETHUSDT - [SIM] Cập nhật Trailing Stop SHORT: 1574.4041960644863
2025-04-10 21:57:58,667 - INFO - ETHUSDT - [SIM] Cập nhật Trailing Stop SHORT: 1574.4041960644863
2025-04-10 21:58:02,185 - INFO - ETHUSDT - [SIM] Cập nhật Trailing Stop SHORT: 1574.4041960644863
2025-04-10 21:58:05,902 - INFO - ETHUSDT - [SIM] Cập nhật Trailing Stop SHORT: 1574.4041960644863
2025-04-10 21:58:07,660 - INFO - ETHUSDT - [SIM] Cập nhật Trailing Stop SHORT: 1574.4041960644863
2025-04-10 21:58:09,465 - INFO - ETHUSDT - [SIM] Cập nhật Trailing Stop SHORT: 1574.4041960644863
2025-04-10 21:58:16,845 - INFO - ETHUSDT - [SIM] Cập nhật Trailing Stop SHORT: 1574.4041960644863
2025-04-10 21:58:22,572 - INFO - ETHUSDT - [SIM] Cập nhật Trailing Stop SHORT: 1574.4041960644863
2025-04-10 21:58:36,741 - INFO - ETHUSDT - [SIM] Cập nhật Trailing Stop SHORT: 1574.4041960644863
2025-04-10 21:58:40,336 - INFO - ETHUSDT - [SIM] Cập nhật Trailing Stop SHORT: 1574.4041960644863
2025-04-10 21:58:42,200 - INFO - ETHUSDT - [SIM] Cập nhật Trailing Stop SHORT: 1574.4041960644863
2025-04-10 21:58:43,901 - INFO - ETHUSDT - [SIM] Cập nhật Trailing Stop SHORT: 1574.4041960644863
2025-04-10 21:58:47,242 - INFO - ETHUSDT - [SIM] Cập nhật Trailing Stop SHORT: 1574.4041960644863
2025-04-10 21:58:52,502 - INFO - ETHUSDT - [SIM] Cập nhật Trailing Stop SHORT: 1574.4041960644863
2025-04-10 21:58:54,288 - INFO - ETHUSDT - [SIM] Cập nhật Trailing Stop SHORT: 1574.2981960644863
2025-04-10 21:58:57,825 - INFO - ETHUSDT - [SIM] Cập nhật Trailing Stop SHORT: 1574.2981960644863
2025-04-10 21:58:59,567 - INFO - ETHUSDT - [SIM] Cập nhật Trailing Stop SHORT: 1574.2181960644864
2025-04-10 21:59:01,408 - INFO - ETHUSDT - [SIM] Cập nhật Trailing Stop SHORT: 1574.1111960644864
2025-04-10 21:59:04,953 - INFO - ETHUSDT - [SIM] Cập nhật Trailing Stop SHORT: 1573.9821960644863
2025-04-10 21:59:08,309 - INFO - ETHUSDT - [SIM] Cập nhật Trailing Stop SHORT: 1573.9721960644863
2025-04-10 21:59:10,046 - INFO - ETHUSDT - [SIM] Cập nhật Trailing Stop SHORT: 1573.5761960644866
2025-04-10 21:59:11,857 - INFO - ETHUSDT - [SIM] Cập nhật Trailing Stop SHORT: 1573.1861960644865
2025-04-10 21:59:17,023 - INFO - ETHUSDT - [SIM] Cập nhật Trailing Stop SHORT: 1573.1861960644865
2025-04-10 21:59:25,778 - INFO - ETHUSDT - [SIM] Cập nhật Trailing Stop SHORT: 1573.1861960644865
2025-04-10 21:59:29,289 - INFO - ETHUSDT - [SIM] Cập nhật Trailing Stop SHORT: 1573.1861960644865
2025-04-10 21:59:31,040 - INFO - ETHUSDT - [SIM] Cập nhật Trailing Stop SHORT: 1572.2761960644864
2025-04-10 21:59:38,049 - INFO - ETHUSDT - [SIM] Cập nhật Trailing Stop SHORT: 1572.2761960644864
2025-04-10 21:59:39,875 - INFO - ETHUSDT - [SIM] Cập nhật Trailing Stop SHORT: 1572.2761960644864
2025-04-10 21:59:48,515 - INFO - ETHUSDT - [SIM] Cập nhật Trailing Stop SHORT: 1572.2761960644864
2025-04-10 21:59:50,234 - INFO - ETHUSDT - [SIM] Cập nhật Trailing Stop SHORT: 1572.2761960644864
2025-04-10 21:59:55,487 - INFO - ETHUSDT - [SIM] Cập nhật Trailing Stop SHORT: 1572.2761960644864
2025-04-10 22:00:03,108 - INFO - Gửi tin nhắn Telegram thành công: [SIM] Số dư hiện tại: Balance=100...
2025-04-10 22:00:04,887 - INFO - ETHUSDT - [SIM] Cập nhật Trailing Stop SHORT: 1572.2761960644864
2025-04-10 22:00:07,778 - INFO - ETHUSDT - [SIM] Cập nhật Trailing Stop SHORT: 1572.2761960644864
2025-04-10 22:00:10,679 - INFO - ETHUSDT - [SIM] Cập nhật Trailing Stop SHORT: 1572.2761960644864
2025-04-10 22:00:12,126 - INFO - ETHUSDT - [SIM] Cập nhật Trailing Stop SHORT: 1572.2761960644864
2025-04-10 22:00:22,302 - INFO - ETHUSDT - [SIM] Cập nhật Trailing Stop SHORT: 1572.2761960644864
2025-04-10 22:00:26,617 - INFO - ETHUSDT - [SIM] Cập nhật Trailing Stop SHORT: 1572.2761960644864
2025-04-10 22:00:28,078 - INFO - ETHUSDT - [SIM] Cập nhật Trailing Stop SHORT: 1572.2761960644864
2025-04-10 22:00:33,838 - INFO - ETHUSDT - [SIM] Cập nhật Trailing Stop SHORT: 1572.2761960644864
2025-04-10 22:00:35,303 - INFO - ETHUSDT - [SIM] Cập nhật Trailing Stop SHORT: 1572.2761960644864
2025-04-10 22:00:41,093 - INFO - ETHUSDT - [SIM] Cập nhật Trailing Stop SHORT: 1572.2761960644864
2025-04-10 22:00:46,829 - INFO - ETHUSDT - [SIM] Cập nhật Trailing Stop SHORT: 1572.2761960644864
2025-04-10 22:00:52,560 - INFO - ETHUSDT - [SIM] Cập nhật Trailing Stop SHORT: 1572.2761960644864
2025-04-10 22:00:55,433 - INFO - ETHUSDT - [SIM] Cập nhật Trailing Stop SHORT: 1572.2761960644864
2025-04-10 22:00:56,887 - INFO - ETHUSDT - [SIM] Cập nhật Trailing Stop SHORT: 1572.2761960644864
2025-04-10 22:00:59,804 - INFO - ETHUSDT - [SIM] Cập nhật Trailing Stop SHORT: 1572.2761960644864
2025-04-10 22:01:02,697 - INFO - ETHUSDT - [SIM] Cập nhật Trailing Stop SHORT: 1572.2761960644864
2025-04-10 22:01:09,951 - INFO - ETHUSDT - [SIM] Cập nhật Trailing Stop SHORT: 1572.2761960644864
2025-04-10 22:01:15,699 - INFO - ETHUSDT - [SIM] Cập nhật Trailing Stop SHORT: 1572.2761960644864
2025-04-10 22:01:24,383 - INFO - ETHUSDT - [SIM] Cập nhật Trailing Stop SHORT: 1572.2761960644864
2025-04-10 22:01:27,267 - INFO - ETHUSDT - [SIM] Cập nhật Trailing Stop SHORT: 1572.2761960644864
2025-04-10 22:01:34,528 - INFO - ETHUSDT - [SIM] Cập nhật Trailing Stop SHORT: 1572.2761960644864
2025-04-10 22:01:40,277 - INFO - ETHUSDT - [SIM] Cập nhật Trailing Stop SHORT: 1572.2761960644864
2025-04-10 22:01:41,712 - INFO - ETHUSDT - [SIM] Cập nhật Trailing Stop SHORT: 1572.2761960644864
2025-04-10 22:01:44,639 - INFO - ETHUSDT - [SIM] Cập nhật Trailing Stop SHORT: 1571.9215764580376
2025-04-10 22:01:47,618 - INFO - ETHUSDT - [SIM] Cập nhật Trailing Stop SHORT: 1571.9215764580376
2025-04-10 22:01:52,041 - INFO - ETHUSDT - [SIM] Cập nhật Trailing Stop SHORT: 1571.9215764580376
2025-04-10 22:01:53,505 - INFO - ETHUSDT - [SIM] Cập nhật Trailing Stop SHORT: 1571.9215764580376
2025-04-10 22:01:54,992 - INFO - ETHUSDT - [SIM] Cập nhật Trailing Stop SHORT: 1571.610576458038
2025-04-10 22:01:57,847 - INFO - ETHUSDT - [SIM] Cập nhật Trailing Stop SHORT: 1571.610576458038
2025-04-10 22:02:00,715 - INFO - ETHUSDT - [SIM] Cập nhật Trailing Stop SHORT: 1571.3095764580378
2025-04-10 22:02:02,187 - INFO - ETHUSDT - [SIM] Cập nhật Trailing Stop SHORT: 1570.1305764580377
2025-04-10 22:02:05,079 - INFO - ETHUSDT - [SIM] Cập nhật Trailing Stop SHORT: 1569.9405764580376
2025-04-10 22:02:07,920 - INFO - ETHUSDT - [SIM] Cập nhật Trailing Stop SHORT: 1569.8675764580378
2025-04-10 22:02:15,271 - INFO - ETHUSDT - [SIM] Cập nhật Trailing Stop SHORT: 1569.8575764580378
2025-04-10 22:02:21,281 - INFO - ETHUSDT - [SIM] Cập nhật Trailing Stop SHORT: 1569.6075764580378
2025-04-10 22:02:27,228 - INFO - ETHUSDT - [SIM] Cập nhật Trailing Stop SHORT: 1569.6075764580378
2025-04-10 22:02:31,553 - INFO - ETHUSDT - [SIM] Cập nhật Trailing Stop SHORT: 1569.6075764580378
2025-04-10 22:02:35,931 - INFO - ETHUSDT - [SIM] Cập nhật Trailing Stop SHORT: 1569.6075764580378
2025-04-10 22:02:49,000 - INFO - ETHUSDT - [SIM] Cập nhật Trailing Stop SHORT: 1569.6075764580378
2025-04-10 22:02:51,868 - INFO - ETHUSDT - [SIM] Cập nhật Trailing Stop SHORT: 1569.6075764580378
2025-04-10 22:02:53,294 - INFO - ETHUSDT - [SIM] Cập nhật Trailing Stop SHORT: 1569.6075764580378
2025-04-10 22:02:56,190 - INFO - ETHUSDT - [SIM] Cập nhật Trailing Stop SHORT: 1569.6075764580378
2025-04-10 22:02:59,054 - INFO - ETHUSDT - [SIM] Cập nhật Trailing Stop SHORT: 1569.6075764580378
2025-04-10 22:03:01,984 - INFO - ETHUSDT - [SIM] Cập nhật Trailing Stop SHORT: 1569.6075764580378
2025-04-10 22:03:04,849 - INFO - ETHUSDT - [SIM] Cập nhật Trailing Stop SHORT: 1569.1095764580377
2025-04-10 22:03:09,230 - INFO - ETHUSDT - [SIM] Cập nhật Trailing Stop SHORT: 1569.1095764580377
2025-04-10 22:03:13,662 - INFO - ETHUSDT - [SIM] Cập nhật Trailing Stop SHORT: 1567.5195764580376
2025-04-10 22:03:19,540 - INFO - ETHUSDT - [SIM] Cập nhật Trailing Stop SHORT: 1567.5195764580376
2025-04-10 22:03:20,992 - INFO - ETHUSDT - [SIM] Cập nhật Trailing Stop SHORT: 1567.5195764580376
2025-04-10 22:03:31,534 - INFO - ETHUSDT - [SIM] Cập nhật Trailing Stop SHORT: 1567.5195764580376
2025-04-10 22:03:40,253 - INFO - ETHUSDT - [SIM] Cập nhật Trailing Stop SHORT: 1567.5195764580376
2025-04-10 22:03:41,730 - INFO - ETHUSDT - [SIM] Cập nhật Trailing Stop SHORT: 1567.5195764580376
2025-04-10 22:03:44,649 - INFO - ETHUSDT - [SIM] Cập nhật Trailing Stop SHORT: 1567.5195764580376
2025-04-10 22:03:54,792 - INFO - ETHUSDT - [SIM] Cập nhật Trailing Stop SHORT: 1567.5195764580376
2025-04-10 22:03:59,204 - INFO - ETHUSDT - [SIM] Cập nhật Trailing Stop SHORT: 1567.5195764580376
2025-04-10 22:04:04,995 - INFO - ETHUSDT - [SIM] Cập nhật Trailing Stop SHORT: 1567.5195764580376
2025-04-10 22:04:09,460 - INFO - ETHUSDT - [SIM] Cập nhật Trailing Stop SHORT: 1567.5195764580376
2025-04-10 22:04:19,810 - INFO - ETHUSDT - [SIM] Cập nhật Trailing Stop SHORT: 1567.5195764580376
2025-04-10 22:04:21,251 - INFO - ETHUSDT - [SIM] Cập nhật Trailing Stop SHORT: 1567.5195764580376
2025-04-10 22:04:34,381 - INFO - ETHUSDT - [SIM] Cập nhật Trailing Stop SHORT: 1567.5195764580376
2025-04-10 22:04:38,802 - INFO - ETHUSDT - [SIM] Cập nhật Trailing Stop SHORT: 1567.5195764580376
2025-04-10 22:04:40,252 - INFO - ETHUSDT - [SIM] Cập nhật Trailing Stop SHORT: 1567.5195764580376
2025-04-10 22:04:41,672 - INFO - ETHUSDT - [SIM] Cập nhật Trailing Stop SHORT: 1567.5195764580376
2025-04-10 22:04:43,041 - INFO - ETHUSDT - [SIM] Cập nhật Trailing Stop SHORT: 1567.5195764580376
2025-04-10 22:04:44,421 - INFO - ETHUSDT - [SIM] Cập nhật Trailing Stop SHORT: 1567.5195764580376
2025-04-10 22:04:48,542 - INFO - ETHUSDT - [SIM] Cập nhật Trailing Stop SHORT: 1567.5195764580376
2025-04-10 22:04:49,931 - INFO - ETHUSDT - [SIM] Cập nhật Trailing Stop SHORT: 1567.5195764580376
2025-04-10 22:04:51,353 - INFO - ETHUSDT - [SIM] Cập nhật Trailing Stop SHORT: 1567.5195764580376
2025-04-10 22:04:54,121 - INFO - ETHUSDT - [SIM] Cập nhật Trailing Stop SHORT: 1567.5195764580376
2025-04-10 22:04:58,297 - INFO - ETHUSDT - [SIM] Cập nhật Trailing Stop SHORT: 1567.5195764580376
2025-04-10 22:05:03,539 - INFO - Gửi tin nhắn Telegram thành công: [SIM] Số dư hiện tại: Balance=100...
2025-04-10 22:05:03,773 - INFO - ETHUSDT - [SIM] Cập nhật Trailing Stop SHORT: 1567.463618812234
2025-04-10 22:05:05,161 - INFO - ETHUSDT - [SIM] Cập nhật Trailing Stop SHORT: 1567.263618812234
2025-04-10 22:05:09,327 - INFO - ETHUSDT - [SIM] Cập nhật Trailing Stop SHORT: 1566.747618812234
2025-04-10 22:05:13,485 - INFO - ETHUSDT - [SIM] Cập nhật Trailing Stop SHORT: 1566.4596188122339
2025-04-10 22:05:21,863 - INFO - ETHUSDT - [SIM] Cập nhật Trailing Stop SHORT: 1566.4596188122339
2025-04-10 22:05:24,622 - INFO - ETHUSDT - [SIM] Cập nhật Trailing Stop SHORT: 1566.4596188122339
2025-04-10 22:05:27,382 - INFO - ETHUSDT - [SIM] Cập nhật Trailing Stop SHORT: 1566.4596188122339
2025-04-10 22:05:30,153 - INFO - ETHUSDT - [SIM] Cập nhật Trailing Stop SHORT: 1566.4596188122339
2025-04-10 22:05:41,456 - INFO - ETHUSDT - [SIM] Cập nhật Trailing Stop SHORT: 1566.4596188122339
2025-04-10 22:05:45,599 - INFO - ETHUSDT - [SIM] Cập nhật Trailing Stop SHORT: 1566.4596188122339
2025-04-10 22:05:48,353 - INFO - ETHUSDT - [SIM] Cập nhật Trailing Stop SHORT: 1566.4596188122339
2025-04-10 22:05:53,864 - INFO - ETHUSDT - [SIM] Cập nhật Trailing Stop SHORT: 1566.4596188122339
2025-04-10 22:05:55,228 - INFO - ETHUSDT - [SIM] Cập nhật Trailing Stop SHORT: 1566.4596188122339
2025-04-10 22:05:59,350 - INFO - ETHUSDT - [SIM] Cập nhật Trailing Stop SHORT: 1566.4596188122339
2025-04-10 22:06:02,114 - INFO - ETHUSDT - [SIM] Cập nhật Trailing Stop SHORT: 1566.4596188122339
2025-04-10 22:06:04,878 - INFO - ETHUSDT - [SIM] Cập nhật Trailing Stop SHORT: 1566.4596188122339
2025-04-10 22:06:09,013 - INFO - ETHUSDT - [SIM] Cập nhật Trailing Stop SHORT: 1566.4596188122339
2025-04-10 22:06:13,212 - INFO - ETHUSDT - [SIM] Cập nhật Trailing Stop SHORT: 1566.4596188122339
2025-04-10 22:06:17,352 - INFO - ETHUSDT - [SIM] Cập nhật Trailing Stop SHORT: 1565.988618812234
2025-04-10 22:06:18,731 - INFO - ETHUSDT - [SIM] Cập nhật Trailing Stop SHORT: 1565.708618812234
2025-04-10 22:06:21,487 - INFO - ETHUSDT - [SIM] Cập nhật Trailing Stop SHORT: 1565.708618812234
2025-04-10 22:06:26,991 - INFO - ETHUSDT - [SIM] Cập nhật Trailing Stop SHORT: 1565.708618812234
2025-04-10 22:06:29,732 - INFO - ETHUSDT - [SIM] Cập nhật Trailing Stop SHORT: 1565.708618812234
2025-04-10 22:06:31,116 - INFO - ETHUSDT - [SIM] Cập nhật Trailing Stop SHORT: 1565.708618812234
2025-04-10 22:06:36,725 - INFO - ETHUSDT - [SIM] Cập nhật Trailing Stop SHORT: 1561.927618812234
2025-04-10 22:06:42,225 - INFO - ETHUSDT - [SIM] Cập nhật Trailing Stop SHORT: 1561.927618812234
2025-04-10 22:06:43,602 - INFO - ETHUSDT - [SIM] Cập nhật Trailing Stop SHORT: 1561.927618812234
2025-04-10 22:06:55,275 - INFO - ETHUSDT - [SIM] Cập nhật Trailing Stop SHORT: 1561.927618812234
2025-04-10 22:06:58,097 - INFO - ETHUSDT - [SIM] Cập nhật Trailing Stop SHORT: 1561.927618812234
2025-04-10 22:07:00,919 - INFO - ETHUSDT - [SIM] Cập nhật Trailing Stop SHORT: 1561.927618812234
2025-04-10 22:07:21,399 - INFO - ETHUSDT - [SIM] Cập nhật Trailing Stop SHORT: 1561.927618812234
2025-04-10 22:07:25,874 - INFO - ETHUSDT - [SIM] Cập nhật Trailing Stop SHORT: 1561.927618812234
2025-04-10 22:07:34,993 - INFO - ETHUSDT - [SIM] Cập nhật Trailing Stop SHORT: 1561.927618812234
2025-04-10 22:07:45,176 - INFO - ETHUSDT - [SIM] Cập nhật Trailing Stop SHORT: 1561.927618812234
2025-04-10 22:07:49,738 - INFO - ETHUSDT - [SIM] Cập nhật Trailing Stop SHORT: 1561.927618812234
2025-04-10 22:07:57,163 - INFO - ETHUSDT - [SIM] Cập nhật Trailing Stop SHORT: 1561.927618812234
2025-04-10 22:07:58,657 - INFO - ETHUSDT - [SIM] Cập nhật Trailing Stop SHORT: 1561.927618812234
2025-04-10 22:08:00,110 - INFO - ETHUSDT - [SIM] Cập nhật Trailing Stop SHORT: 1561.927618812234
2025-04-10 22:08:04,603 - INFO - ETHUSDT - [SIM] Cập nhật Trailing Stop SHORT: 1561.927618812234
2025-04-10 22:08:10,628 - INFO - ETHUSDT - [SIM] Cập nhật Trailing Stop SHORT: 1561.927618812234
2025-04-10 22:08:13,415 - INFO - ETHUSDT - [SIM] Cập nhật Trailing Stop SHORT: 1561.927618812234
2025-04-10 22:08:19,183 - INFO - ETHUSDT - [SIM] Cập nhật Trailing Stop SHORT: 1561.927618812234
2025-04-10 22:08:23,509 - INFO - ETHUSDT - [SIM] Cập nhật Trailing Stop SHORT: 1561.927618812234
2025-04-10 22:08:24,939 - INFO - ETHUSDT - [SIM] Cập nhật Trailing Stop SHORT: 1561.927618812234
2025-04-10 22:08:27,791 - INFO - ETHUSDT - [SIM] Cập nhật Trailing Stop SHORT: 1561.927618812234
2025-04-10 22:08:30,706 - INFO - ETHUSDT - [SIM] Cập nhật Trailing Stop SHORT: 1561.927618812234
2025-04-10 22:08:33,629 - INFO - ETHUSDT - [SIM] Cập nhật Trailing Stop SHORT: 1561.927618812234
2025-04-10 22:08:35,097 - INFO - ETHUSDT - [SIM] Cập nhật Trailing Stop SHORT: 1561.927618812234
2025-04-10 22:08:37,989 - INFO - ETHUSDT - [SIM] Cập nhật Trailing Stop SHORT: 1561.927618812234
2025-04-10 22:08:39,428 - INFO - ETHUSDT - [SIM] Cập nhật Trailing Stop SHORT: 1561.927618812234
2025-04-10 22:08:45,370 - INFO - ETHUSDT - [SIM] Cập nhật Trailing Stop SHORT: 1561.927618812234
2025-04-10 22:08:49,841 - INFO - ETHUSDT - [SIM] Cập nhật Trailing Stop SHORT: 1561.927618812234
2025-04-10 22:08:54,370 - INFO - ETHUSDT - [SIM] Cập nhật Trailing Stop SHORT: 1560.328618812234
2025-04-10 22:08:54,370 - INFO - ETHUSDT - [SIM] Thoát SHORT tại 1551.04, Profit: 11.334064559999971
2025-04-10 22:08:55,394 - INFO - Gửi tin nhắn Telegram thành công: <b>[SIM] ETHUSDT - SHORT Exit</b>
Time: 2025-04-10...
2025-04-10 22:10:02,302 - INFO - Gửi tin nhắn Telegram thành công: [SIM] Số dư hiện tại: Balance=111.33406455999997...
2025-04-10 22:15:02,656 - INFO - Gửi tin nhắn Telegram thành công: [SIM] Số dư hiện tại: Balance=111.33406455999997...
2025-04-10 22:20:02,984 - INFO - Gửi tin nhắn Telegram thành công: [SIM] Số dư hiện tại: Balance=111.33406455999997...
