2025-06-11 07:21:03,674 - __main__ - INFO - Set leverage to 20x for SOLUSDT
2025-06-11 07:21:03,674 - __main__ - INFO - Starting trading bot...
2025-06-11 07:31:36,639 - __main__ - INFO - Set leverage to 20x for SOLUSDT
2025-06-11 07:31:36,639 - __main__ - INFO - Starting trading bot...
2025-06-11 07:31:36,984 - __main__ - ERROR - Error calculating position size: 'float' object cannot be interpreted as an integer
2025-06-11 07:32:47,768 - __main__ - INFO - Set leverage to 20x for SOLUSDT
2025-06-11 07:32:51,934 - __main__ - INFO - Starting trading bot...
2025-06-11 07:33:38,013 - __main__ - ERROR - Error calculating position size: 'float' object cannot be interpreted as an integer
2025-06-11 07:34:00,298 - __main__ - INFO - Set leverage to 20x for SOLUSDT
2025-06-11 07:34:00,300 - __main__ - INFO - Starting trading bot...
2025-06-11 07:34:10,640 - __main__ - ERROR - Error calculating position size: 'float' object cannot be interpreted as an integer
2025-06-11 07:35:06,255 - __main__ - INFO - Set leverage to 20x for SOLUSDT
2025-06-11 07:35:06,255 - __main__ - INFO - Starting trading bot...
2025-06-11 07:36:25,280 - __main__ - ERROR - Error calculating position size: 'float' object cannot be interpreted as an integer
2025-06-11 07:36:32,997 - __main__ - INFO - Set leverage to 20x for SOLUSDT
2025-06-11 07:36:32,998 - __main__ - INFO - Starting trading bot...
2025-06-11 07:37:04,725 - __main__ - INFO - Set leverage to 20x for SOLUSDT
2025-06-11 07:37:04,725 - __main__ - INFO - Starting trading bot...
2025-06-11 07:39:28,473 - __main__ - INFO - Set leverage to 20x for SOLUSDT
2025-06-11 07:39:28,475 - __main__ - INFO - Starting trading bot...
2025-06-11 07:42:18,317 - __main__ - ERROR - Error executing trade: APIError(code=-2019): Margin is insufficient.
2025-06-11 07:42:39,409 - __main__ - INFO - Set leverage to 20x for SOLUSDT
2025-06-11 07:42:39,410 - __main__ - INFO - Starting trading bot...
2025-06-11 07:43:57,968 - __main__ - INFO - Set leverage to 20x for SOLUSDT
2025-06-11 07:43:57,975 - __main__ - INFO - Starting trading bot...
2025-06-11 07:44:03,358 - __main__ - ERROR - Error executing trade: APIError(code=-1111): Precision is over the maximum defined for this asset.
2025-06-11 07:47:00,716 - __main__ - INFO - Set leverage to 20x for SOLUSDT
2025-06-11 07:47:00,717 - __main__ - INFO - Starting trading bot...
2025-06-11 07:47:03,465 - __main__ - INFO - BUY 0.4 SOLUSDT at 164.05
2025-06-11 07:47:09,432 - __main__ - ERROR - Error in main loop: 'side'
2025-06-11 12:07:30,580 - __main__ - ERROR - Error setting leverage: APIError(code=-2015): Invalid API-key, IP, or permissions for action, request ip: 118.70.133.26
2025-06-11 12:07:30,580 - __main__ - INFO - Starting trading bot...
2025-06-11 12:07:30,769 - __main__ - ERROR - Error in main loop: APIError(code=-2015): Invalid API-key, IP, or permissions for action, request ip: 118.70.133.26
